The system is: Windows - 10.0.19042 - AMD64
Compiling the C compiler identification source file "CMakeCCompilerId.c" succeeded.
Compiler: D:/Program Files (x86)/Microsoft Visual Studio/2019/Community/VC/Tools/MSVC/14.29.30133/bin/Hostx86/x86/cl.exe 
Build flags: 
Id flags:  

The output was:
0
Compilador de optimizaci贸n de C/C++ de Microsoft (R) versi贸n 19.29.30133 para x86
(C) Microsoft Corporation. Todos los derechos reservados.

CMakeCCompilerId.c
Microsoft (R) Incremental Linker Version 14.29.30133.0
Copyright (C) Microsoft Corporation.  All rights reserved.

/out:CMakeCCompilerId.exe 
CMakeCCompilerId.obj 


Compilation of the C compiler identification source "CMakeCCompilerId.c" produced "CMakeCCompilerId.exe"

Compilation of the C compiler identification source "CMakeCCompilerId.c" produced "CMakeCCompilerId.obj"

The C compiler identification is MSVC, found in "C:/Users/elena/OneDrive/Documentos/UNAM/Computacion I/ProyectoRaBraLena/cmake-build-debug/CMakeFiles/3.20.2/CompilerIdC/CMakeCCompilerId.exe"

Compiling the CXX compiler identification source file "CMakeCXXCompilerId.cpp" succeeded.
Compiler: D:/Program Files (x86)/Microsoft Visual Studio/2019/Community/VC/Tools/MSVC/14.29.30133/bin/Hostx86/x86/cl.exe 
Build flags: 
Id flags:  

The output was:
0
Compilador de optimizaci贸n de C/C++ de Microsoft (R) versi贸n 19.29.30133 para x86
(C) Microsoft Corporation. Todos los derechos reservados.

CMakeCXXCompilerId.cpp
Microsoft (R) Incremental Linker Version 14.29.30133.0
Copyright (C) Microsoft Corporation.  All rights reserved.

/out:CMakeCXXCompilerId.exe 
CMakeCXXCompilerId.obj 


Compilation of the CXX compiler identification source "CMakeCXXCompilerId.cpp" produced "CMakeCXXCompilerId.exe"

Compilation of the CXX compiler identification source "CMakeCXXCompilerId.cpp" produced "CMakeCXXCompilerId.obj"

The CXX compiler identification is MSVC, found in "C:/Users/elena/OneDrive/Documentos/UNAM/Computacion I/ProyectoRaBraLena/cmake-build-debug/CMakeFiles/3.20.2/CompilerIdCXX/CMakeCXXCompilerId.exe"

Detecting C compiler ABI info compiled with the following output:
Change Dir: C:/Users/elena/OneDrive/Documentos/UNAM/Computacion I/ProyectoRaBraLena/cmake-build-debug/CMakeFiles/CMakeTmp

Run Build Command(s):nmake -f Makefile /nologo cmTC_aa2e4\fast && 	"D:\Program Files (x86)\Microsoft Visual Studio\2019\Community\VC\Tools\MSVC\14.29.30133\bin\HostX86\x86\nmake.exe"  -f CMakeFiles\cmTC_aa2e4.dir\build.make /nologo -L                  CMakeFiles\cmTC_aa2e4.dir\build
Building C object CMakeFiles/cmTC_aa2e4.dir/CMakeCCompilerABI.c.obj
	"D:\Program Files\JetBrains\CLion 2021.2\bin\cmake\win\bin\cmake.exe" -E cmake_cl_compile_depends --dep-file=CMakeFiles\cmTC_aa2e4.dir\CMakeCCompilerABI.c.obj.d --working-dir="C:\Users\elena\OneDrive\Documentos\UNAM\Computacion I\ProyectoRaBraLena\cmake-build-debug\CMakeFiles\CMakeTmp" --filter-prefix="" -- "D:\Program Files (x86)\Microsoft Visual Studio\2019\Community\VC\Tools\MSVC\14.29.30133\bin\Hostx86\x86\cl.exe" @C:\Users\elena\AppData\Local\Temp\nm520E.tmp
Linking C executable cmTC_aa2e4.exe
	"D:\Program Files\JetBrains\CLion 2021.2\bin\cmake\win\bin\cmake.exe" -E vs_link_exe --intdir=CMakeFiles\cmTC_aa2e4.dir --rc="D:\Windows Kits\10\bin\10.0.19041.0\x86\rc.exe" --mt="D:\Windows Kits\10\bin\10.0.19041.0\x86\mt.exe" --manifests -- "D:\Program Files (x86)\Microsoft Visual Studio\2019\Community\VC\Tools\MSVC\14.29.30133\bin\Hostx86\x86\link.exe" /nologo @CMakeFiles\cmTC_aa2e4.dir\objects1.rsp @C:\Users\elena\AppData\Local\Temp\nm5470.tmp



Detecting CXX compiler ABI info compiled with the following output:
Change Dir: C:/Users/elena/OneDrive/Documentos/UNAM/Computacion I/ProyectoRaBraLena/cmake-build-debug/CMakeFiles/CMakeTmp

Run Build Command(s):nmake -f Makefile /nologo cmTC_0b4b1\fast && 	"D:\Program Files (x86)\Microsoft Visual Studio\2019\Community\VC\Tools\MSVC\14.29.30133\bin\HostX86\x86\nmake.exe"  -f CMakeFiles\cmTC_0b4b1.dir\build.make /nologo -L                  CMakeFiles\cmTC_0b4b1.dir\build
Building CXX object CMakeFiles/cmTC_0b4b1.dir/CMakeCXXCompilerABI.cpp.obj
	"D:\Program Files\JetBrains\CLion 2021.2\bin\cmake\win\bin\cmake.exe" -E cmake_cl_compile_depends --dep-file=CMakeFiles\cmTC_0b4b1.dir\CMakeCXXCompilerABI.cpp.obj.d --working-dir="C:\Users\elena\OneDrive\Documentos\UNAM\Computacion I\ProyectoRaBraLena\cmake-build-debug\CMakeFiles\CMakeTmp" --filter-prefix="" -- "D:\Program Files (x86)\Microsoft Visual Studio\2019\Community\VC\Tools\MSVC\14.29.30133\bin\Hostx86\x86\cl.exe" @C:\Users\elena\AppData\Local\Temp\nm5951.tmp
Linking CXX executable cmTC_0b4b1.exe
	"D:\Program Files\JetBrains\CLion 2021.2\bin\cmake\win\bin\cmake.exe" -E vs_link_exe --intdir=CMakeFiles\cmTC_0b4b1.dir --rc="D:\Windows Kits\10\bin\10.0.19041.0\x86\rc.exe" --mt="D:\Windows Kits\10\bin\10.0.19041.0\x86\mt.exe" --manifests -- "D:\Program Files (x86)\Microsoft Visual Studio\2019\Community\VC\Tools\MSVC\14.29.30133\bin\Hostx86\x86\link.exe" /nologo @CMakeFiles\cmTC_0b4b1.dir\objects1.rsp @C:\Users\elena\AppData\Local\Temp\nm5AC9.tmp



